<?xml version="1.0" encoding="UTF-8"?>
<testsuite xmlns:xsi="http://www.w3.org/2001/XMLSchema-instance" xsi:noNamespaceSchemaLocation="https://maven.apache.org/surefire/maven-surefire-plugin/xsd/surefire-test-report-3.0.xsd" version="3.0" name="com.iut.banque.test.modele.UserTest" time="0.635" tests="3" errors="0" skipped="0" failures="0">
  <properties>
[...]
</properties>
  <testcase name="checkPassword_ShouldReturnTrueForCorrectPassword" classname="com.iut.banque.test.modele.UserTest" time="0.256"/>
  <testcase name="checkPassword_ShouldReturnFalseForIncorrectPassword" classname="com.iut.banque.test.modele.UserTest" time="0.176"/>
  <testcase name="setUserPwd_ShouldHashPassword" classname="com.iut.banque.test.modele.UserTest" time="0.186"/>
</testsuite>